This is pdfTeX, Version 3.14159265-2.6-1.40.18 (TeX Live 2017/Debian) (preloaded format=pdflatex 2019.4.23)  21 MAY 2019 23:23
entering extended mode
 restricted \write18 enabled.
 %&-line parsing enabled.
**appendix.tex
(./appendix.tex
LaTeX2e <2017-04-15>
Babel <3.18> and hyphenation patterns for 84 language(s) loaded.
! Undefined control sequence.
l.1 \appendix
             
The control sequence at the end of the top line
of your error message was never \def'ed. If you have
misspelled it (e.g., `\hobx'), type `I' and the correct
spelling (e.g., `I\hbox'). Otherwise just continue,
and I'll forget about whatever was undefined.


! LaTeX Error: Missing \begin{document}.

See the LaTeX manual or LaTeX Companion for explanation.
Type  H <return>  for immediate help.
 ...                                              
                                                  
l.2 T
     he source code for re-running all the experiments detailed here and all...

You're in trouble here.  Try typing  <return>  to proceed.
If that doesn't work, type  X <return>  to quit.

Missing character: There is no T in font nullfont!
Missing character: There is no h in font nullfont!
Missing character: There is no e in font nullfont!
Missing character: There is no s in font nullfont!
Missing character: There is no o in font nullfont!
Missing character: There is no u in font nullfont!
Missing character: There is no r in font nullfont!
Missing character: There is no c in font nullfont!
Missing character: There is no e in font nullfont!
Missing character: There is no c in font nullfont!
Missing character: There is no o in font nullfont!
Missing character: There is no d in font nullfont!
Missing character: There is no e in font nullfont!
Missing character: There is no f in font nullfont!
Missing character: There is no o in font nullfont!
Missing character: There is no r in font nullfont!
Missing character: There is no r in font nullfont!
Missing character: There is no e in font nullfont!
Missing character: There is no - in font nullfont!
Missing character: There is no r in font nullfont!
Missing character: There is no u in font nullfont!
Missing character: There is no n in font nullfont!
Missing character: There is no n in font nullfont!
Missing character: There is no i in font nullfont!
Missing character: There is no n in font nullfont!
Missing character: There is no g in font nullfont!
Missing character: There is no a in font nullfont!
Missing character: There is no l in font nullfont!
Missing character: There is no l in font nullfont!
Missing character: There is no t in font nullfont!
Missing character: There is no h in font nullfont!
Missing character: There is no e in font nullfont!
Missing character: There is no e in font nullfont!
Missing character: There is no x in font nullfont!
Missing character: There is no p in font nullfont!
Missing character: There is no e in font nullfont!
Missing character: There is no r in font nullfont!
Missing character: There is no i in font nullfont!
Missing character: There is no m in font nullfont!
Missing character: There is no e in font nullfont!
Missing character: There is no n in font nullfont!
Missing character: There is no t in font nullfont!
Missing character: There is no s in font nullfont!
Missing character: There is no d in font nullfont!
Missing character: There is no e in font nullfont!
Missing character: There is no t in font nullfont!
Missing character: There is no a in font nullfont!
Missing character: There is no i in font nullfont!
Missing character: There is no l in font nullfont!
Missing character: There is no e in font nullfont!
Missing character: There is no d in font nullfont!
Missing character: There is no h in font nullfont!
Missing character: There is no e in font nullfont!
Missing character: There is no r in font nullfont!
Missing character: There is no e in font nullfont!
Missing character: There is no a in font nullfont!
Missing character: There is no n in font nullfont!
Missing character: There is no d in font nullfont!
Missing character: There is no a in font nullfont!
Missing character: There is no l in font nullfont!
Missing character: There is no l in font nullfont!
Missing character: There is no d in font nullfont!
Missing character: There is no a in font nullfont!
Missing character: There is no t in font nullfont!
Missing character: There is no a in font nullfont!
Missing character: There is no a in font nullfont!
Missing character: There is no r in font nullfont!
Missing character: There is no e in font nullfont!
Missing character: There is no a in font nullfont!
Missing character: There is no v in font nullfont!
Missing character: There is no a in font nullfont!
Missing character: There is no i in font nullfont!
Missing character: There is no l in font nullfont!
Missing character: There is no a in font nullfont!
Missing character: There is no b in font nullfont!
Missing character: There is no l in font nullfont!
Missing character: There is no e in font nullfont!
Missing character: There is no f in font nullfont!
Missing character: There is no r in font nullfont!
Missing character: There is no o in font nullfont!
Missing character: There is no m in font nullfont!
! Undefined control sequence.
l.2 ...d here and all data are available from \url
                                                  {https://github.com/Corlen...
The control sequence at the end of the top line
of your error message was never \def'ed. If you have
misspelled it (e.g., `\hobx'), type `I' and the correct
spelling (e.g., `I\hbox'). Otherwise just continue,
and I'll forget about whatever was undefined.

Missing character: There is no h in font nullfont!
Missing character: There is no t in font nullfont!
Missing character: There is no t in font nullfont!
Missing character: There is no p in font nullfont!
Missing character: There is no s in font nullfont!
Missing character: There is no : in font nullfont!
Missing character: There is no / in font nullfont!
Missing character: There is no / in font nullfont!
Missing character: There is no g in font nullfont!
Missing character: There is no i in font nullfont!
Missing character: There is no t in font nullfont!
Missing character: There is no h in font nullfont!
Missing character: There is no u in font nullfont!
Missing character: There is no b in font nullfont!
Missing character: There is no . in font nullfont!
Missing character: There is no c in font nullfont!
Missing character: There is no o in font nullfont!
Missing character: There is no m in font nullfont!
Missing character: There is no / in font nullfont!
Missing character: There is no C in font nullfont!
Missing character: There is no o in font nullfont!
Missing character: There is no r in font nullfont!
Missing character: There is no l in font nullfont!
Missing character: There is no e in font nullfont!
Missing character: There is no n in font nullfont!
Missing character: There is no o in font nullfont!
Missing character: There is no / in font nullfont!
Missing character: There is no R in font nullfont!
Missing character: There is no G in font nullfont!
Missing character: There is no P in font nullfont!
Missing character: There is no L in font nullfont!
Missing character: There is no V in font nullfont!
Missing character: There is no M in font nullfont!
Missing character: There is no . in font nullfont!

Overfull \hbox (20.0pt too wide) in paragraph at lines 2--3
[]
 []

! Undefined control sequence.
l.4 \section
            {Regularization Theorems}
The control sequence at the end of the top line
of your error message was never \def'ed. If you have
misspelled it (e.g., `\hobx'), type `I' and the correct
spelling (e.g., `I\hbox'). Otherwise just continue,
and I'll forget about whatever was undefined.


! LaTeX Error: Missing \begin{document}.

See the LaTeX manual or LaTeX Companion for explanation.
Type  H <return>  for immediate help.
 ...                                              
                                                  
l.4 \section{R
              egularization Theorems}
You're in trouble here.  Try typing  <return>  to proceed.
If that doesn't work, type  X <return>  to quit.

Missing character: There is no R in font nullfont!
Missing character: There is no e in font nullfont!
Missing character: There is no g in font nullfont!
Missing character: There is no u in font nullfont!
Missing character: There is no l in font nullfont!
Missing character: There is no a in font nullfont!
Missing character: There is no r in font nullfont!
Missing character: There is no i in font nullfont!
Missing character: There is no z in font nullfont!
Missing character: There is no a in font nullfont!
Missing character: There is no t in font nullfont!
Missing character: There is no i in font nullfont!
Missing character: There is no o in font nullfont!
Missing character: There is no n in font nullfont!
Missing character: There is no T in font nullfont!
Missing character: There is no h in font nullfont!
Missing character: There is no e in font nullfont!
Missing character: There is no o in font nullfont!
Missing character: There is no r in font nullfont!
Missing character: There is no e in font nullfont!
Missing character: There is no m in font nullfont!
Missing character: There is no s in font nullfont!

! LaTeX Error: Environment lemma undefined.

See the LaTeX manual or LaTeX Companion for explanation.
Type  H <return>  for immediate help.
 ...                                              
                                                  
l.6 \begin{lemma}
                 
Your command was ignored.
Type  I <command> <return>  to replace it with another command,
or  <return>  to continue without it.

Missing character: There is no W in font nullfont!
Missing character: There is no h in font nullfont!
Missing character: There is no e in font nullfont!
Missing character: There is no n in font nullfont!
LaTeX Font Info:    External font `cmex10' loaded for size
(Font)              <7> on input line 7.
LaTeX Font Info:    External font `cmex10' loaded for size
(Font)              <5> on input line 7.
! Undefined control sequence.
l.7 	When $q(\bm
                 z_m) = \mathcal{N}(\bm \nu_m, \epsilon I)$, as $\epsilon \r...
The control sequence at the end of the top line
of your error message was never \def'ed. If you have
misspelled it (e.g., `\hobx'), type `I' and the correct
spelling (e.g., `I\hbox'). Otherwise just continue,
and I'll forget about whatever was undefined.

! Undefined control sequence.
l.7 	When $q(\bm z_m) = \mathcal{N}(\bm
                                        \nu_m, \epsilon I)$, as $\epsilon \r...
The control sequence at the end of the top line
of your error message was never \def'ed. If you have
misspelled it (e.g., `\hobx'), type `I' and the correct
spelling (e.g., `I\hbox'). Otherwise just continue,
and I'll forget about whatever was undefined.

Missing character: There is no , in font nullfont!
Missing character: There is no a in font nullfont!
Missing character: There is no s in font nullfont!
Missing character: There is no , in font nullfont!
! Undefined control sequence.
<recently read> \bm 
                    
l.7 ...ilon I)$, as $\epsilon \rightarrow 0$, $\bm
                                                   z_m \stackrel{p}{\rightar...
The control sequence at the end of the top line
of your error message was never \def'ed. If you have
misspelled it (e.g., `\hobx'), type `I' and the correct
spelling (e.g., `I\hbox'). Otherwise just continue,
and I'll forget about whatever was undefined.

! Undefined control sequence.
l.7 ... 0$, $\bm z_m \stackrel{p}{\rightarrow} \bm
                                                   \nu_m$.
The control sequence at the end of the top line
of your error message was never \def'ed. If you have
misspelled it (e.g., `\hobx'), type `I' and the correct
spelling (e.g., `I\hbox'). Otherwise just continue,
and I'll forget about whatever was undefined.

Missing character: There is no . in font nullfont!

! LaTeX Error: \begin{document} ended by \end{lemma}.

See the LaTeX manual or LaTeX Companion for explanation.
Type  H <return>  for immediate help.
 ...                                              
                                                  
l.8 \end{lemma}
               
Your command was ignored.
Type  I <command> <return>  to replace it with another command,
or  <return>  to continue without it.


Overfull \hbox (20.0pt too wide) in paragraph at lines 4--9
[]
 []


Overfull \hbox (35.40283pt too wide) in paragraph at lines 4--9
\OML/cmm/m/it/10 q\OT1/cmr/m/n/10 (\OML/cmm/m/it/10 z[]\OT1/cmr/m/n/10 ) =
 []


Overfull \hbox (43.67621pt too wide) in paragraph at lines 4--9
\OMS/cmsy/m/n/10 N\OT1/cmr/m/n/10 (\OML/cmm/m/it/10 ^^W[]; ^^OI\OT1/cmr/m/n/10 
)$
 []


Overfull \hbox (16.83676pt too wide) in paragraph at lines 4--9
\OML/cmm/m/it/10 ^^O \OMS/cmsy/m/n/10 !
 []


Overfull \hbox (5.00002pt too wide) in paragraph at lines 4--9
\OT1/cmr/m/n/10 0$
 []


Overfull \hbox (25.02434pt too wide) in paragraph at lines 4--9
\OML/cmm/m/it/10 z[] []
 []


Overfull \hbox (12.53593pt too wide) in paragraph at lines 4--9
\OML/cmm/m/it/10 ^^W[]$
 []


! LaTeX Error: Environment proof undefined.

See the LaTeX manual or LaTeX Companion for explanation.
Type  H <return>  for immediate help.
 ...                                              
                                                  
l.10 \begin{proof}
                   Since
Your command was ignored.
Type  I <command> <return>  to replace it with another command,
or  <return>  to continue without it.


! LaTeX Error: Missing \begin{document}.

See the LaTeX manual or LaTeX Companion for explanation.
Type  H <return>  for immediate help.
 ...                                              
                                                  
l.10 \begin{proof} S
                    ince
You're in trouble here.  Try typing  <return>  to proceed.
If that doesn't work, type  X <return>  to quit.

Missing character: There is no S in font nullfont!
Missing character: There is no i in font nullfont!
Missing character: There is no n in font nullfont!
Missing character: There is no c in font nullfont!
Missing character: There is no e in font nullfont!

Overfull \hbox (20.0pt too wide) in paragraph at lines 10--11
[] 
 []

! Undefined control sequence.
l.12 	\lim\limits_{\epsilon \rightarrow 0} p(|\bm
                                                  z_m - \bm \nu_m| > \epsilo...
The control sequence at the end of the top line
of your error message was never \def'ed. If you have
misspelled it (e.g., `\hobx'), type `I' and the correct
spelling (e.g., `I\hbox'). Otherwise just continue,
and I'll forget about whatever was undefined.

! Undefined control sequence.
l.12 ..._{\epsilon \rightarrow 0} p(|\bm z_m - \bm
                                                   \nu_m| > \epsilon_0) & = ...
The control sequence at the end of the top line
of your error message was never \def'ed. If you have
misspelled it (e.g., `\hobx'), type `I' and the correct
spelling (e.g., `I\hbox'). Otherwise just continue,
and I'll forget about whatever was undefined.

! Undefined control sequence.
<argument> \bm 
               z_m - \bm \nu _m
l.12 ...0} p(|\frac{\bm z_m - \bm \nu_m}{\epsilon}
                                                  | > \frac{\epsilon_0}{\eps...
The control sequence at the end of the top line
of your error message was never \def'ed. If you have
misspelled it (e.g., `\hobx'), type `I' and the correct
spelling (e.g., `I\hbox'). Otherwise just continue,
and I'll forget about whatever was undefined.

! Undefined control sequence.
<argument> \bm z_m - \bm 
                         \nu _m
l.12 ...0} p(|\frac{\bm z_m - \bm \nu_m}{\epsilon}
                                                  | > \frac{\epsilon_0}{\eps...
The control sequence at the end of the top line
of your error message was never \def'ed. If you have
misspelled it (e.g., `\hobx'), type `I' and the correct
spelling (e.g., `I\hbox'). Otherwise just continue,
and I'll forget about whatever was undefined.


Overfull \hbox (200.98917pt too wide) in alignment at lines 11--15
 [][][] []
 []

Missing character: There is no w in font nullfont!
Missing character: There is no e in font nullfont!
Missing character: There is no c in font nullfont!
Missing character: There is no o in font nullfont!
Missing character: There is no n in font nullfont!
Missing character: There is no c in font nullfont!
Missing character: There is no l in font nullfont!
Missing character: There is no u in font nullfont!
Missing character: There is no d in font nullfont!
Missing character: There is no e in font nullfont!
Missing character: There is no t in font nullfont!
Missing character: There is no h in font nullfont!
Missing character: There is no a in font nullfont!
Missing character: There is no t in font nullfont!
! Undefined control sequence.
<recently read> \bm 
                    
l.16 	we conclude that $\bm
                            z_m \stackrel{p}{\rightarrow} \bm \nu_m$.
The control sequence at the end of the top line
of your error message was never \def'ed. If you have
misspelled it (e.g., `\hobx'), type `I' and the correct
spelling (e.g., `I\hbox'). Otherwise just continue,
and I'll forget about whatever was undefined.

! Undefined control sequence.
l.16 ...hat $\bm z_m \stackrel{p}{\rightarrow} \bm
                                                   \nu_m$.
The control sequence at the end of the top line
of your error message was never \def'ed. If you have
misspelled it (e.g., `\hobx'), type `I' and the correct
spelling (e.g., `I\hbox'). Otherwise just continue,
and I'll forget about whatever was undefined.

Missing character: There is no . in font nullfont!

! LaTeX Error: \begin{document} ended by \end{proof}.

See the LaTeX manual or LaTeX Companion for explanation.
Type  H <return>  for immediate help.
 ...                                              
                                                  
l.17 \end{proof}
                
Your command was ignored.
Type  I <command> <return>  to replace it with another command,
or  <return>  to continue without it.


Overfull \hbox (25.02434pt too wide) in paragraph at lines 15--18
   $\OML/cmm/m/it/10 z[] []
 []


Overfull \hbox (12.53593pt too wide) in paragraph at lines 15--18
\OML/cmm/m/it/10 ^^W[]$
 []


! LaTeX Error: Environment lemma undefined.

See the LaTeX manual or LaTeX Companion for explanation.
Type  H <return>  for immediate help.
 ...                                              
                                                  
l.19 \begin{lemma}
                  
Your command was ignored.
Type  I <command> <return>  to replace it with another command,
or  <return>  to continue without it.


! LaTeX Error: Missing \begin{document}.

See the LaTeX manual or LaTeX Companion for explanation.
Type  H <return>  for immediate help.
 ...                                              
                                                  
l.20 	T
       he variational lower bound in the empirical Bayesian model is derived as

You're in trouble here.  Try typing  <return>  to proceed.
If that doesn't work, type  X <return>  to quit.

Missing character: There is no T in font nullfont!
Missing character: There is no h in font nullfont!
Missing character: There is no e in font nullfont!
Missing character: There is no v in font nullfont!
Missing character: There is no a in font nullfont!
Missing character: There is no r in font nullfont!
Missing character: There is no i in font nullfont!
Missing character: There is no a in font nullfont!
Missing character: There is no t in font nullfont!
Missing character: There is no i in font nullfont!
Missing character: There is no o in font nullfont!
Missing character: There is no n in font nullfont!
Missing character: There is no a in font nullfont!
Missing character: There is no l in font nullfont!
Missing character: There is no l in font nullfont!
Missing character: There is no o in font nullfont!
Missing character: There is no w in font nullfont!
Missing character: There is no e in font nullfont!
Missing character: There is no r in font nullfont!
Missing character: There is no b in font nullfont!
Missing character: There is no o in font nullfont!
Missing character: There is no u in font nullfont!
Missing character: There is no n in font nullfont!
Missing character: There is no d in font nullfont!
Missing character: There is no i in font nullfont!
Missing character: There is no n in font nullfont!
Missing character: There is no t in font nullfont!
Missing character: There is no h in font nullfont!
Missing character: There is no e in font nullfont!
Missing character: There is no e in font nullfont!
Missing character: There is no m in font nullfont!
Missing character: There is no p in font nullfont!
Missing character: There is no i in font nullfont!
Missing character: There is no r in font nullfont!
Missing character: There is no i in font nullfont!
Missing character: There is no c in font nullfont!
Missing character: There is no a in font nullfont!
Missing character: There is no l in font nullfont!
Missing character: There is no B in font nullfont!
Missing character: There is no a in font nullfont!
Missing character: There is no y in font nullfont!
Missing character: There is no e in font nullfont!
Missing character: There is no s in font nullfont!
Missing character: There is no i in font nullfont!
Missing character: There is no a in font nullfont!
Missing character: There is no n in font nullfont!
Missing character: There is no m in font nullfont!
Missing character: There is no o in font nullfont!
Missing character: There is no d in font nullfont!
Missing character: There is no e in font nullfont!
Missing character: There is no l in font nullfont!
Missing character: There is no i in font nullfont!
Missing character: There is no s in font nullfont!
Missing character: There is no d in font nullfont!
Missing character: There is no e in font nullfont!
Missing character: There is no r in font nullfont!
Missing character: There is no i in font nullfont!
Missing character: There is no v in font nullfont!
Missing character: There is no e in font nullfont!
Missing character: There is no d in font nullfont!
Missing character: There is no a in font nullfont!
Missing character: There is no s in font nullfont!

Overfull \hbox (20.0pt too wide) in paragraph at lines 20--21
[]
 []


Overfull \hbox (363.36646pt too wide) in alignment at lines 21--23
 [][][] []
 []

Missing character: There is no w in font nullfont!
Missing character: There is no h in font nullfont!
Missing character: There is no e in font nullfont!
Missing character: There is no r in font nullfont!
Missing character: There is no e in font nullfont!
! Undefined control sequence.
l.24 ...e $A = \frac{M}{2}(\log |\hat{\Sigma}_{\bm
                                                   \mu}| + \log|\hat{\bm\Sig...
The control sequence at the end of the top line
of your error message was never \def'ed. If you have
misspelled it (e.g., `\hobx'), type `I' and the correct
spelling (e.g., `I\hbox'). Otherwise just continue,
and I'll forget about whatever was undefined.

! Undefined control sequence.
l.24 ...g |\hat{\Sigma}_{\bm \mu}| + \log|\hat{\bm
                                                  \Sigma}_{\bm\nu}| + Q) + \...
The control sequence at the end of the top line
of your error message was never \def'ed. If you have
misspelled it (e.g., `\hobx'), type `I' and the correct
spelling (e.g., `I\hbox'). Otherwise just continue,
and I'll forget about whatever was undefined.

! Undefined control sequence.
l.24 ...ma}_{\bm \mu}| + \log|\hat{\bm\Sigma}_{\bm
                                                  \nu}| + Q) + \frac{1}{2}\l...
The control sequence at the end of the top line
of your error message was never \def'ed. If you have
misspelled it (e.g., `\hobx'), type `I' and the correct
spelling (e.g., `I\hbox'). Otherwise just continue,
and I'll forget about whatever was undefined.

! Undefined control sequence.
l.24 ...+ Q) + \frac{1}{2}\left(\sum_{m = 1}^M(\bm
                                                  \nu_m - \hat{\bm \mu}_{\bm...
The control sequence at the end of the top line
of your error message was never \def'ed. If you have
misspelled it (e.g., `\hobx'), type `I' and the correct
spelling (e.g., `I\hbox'). Otherwise just continue,
and I'll forget about whatever was undefined.

! Undefined control sequence.
l.24 ...2}\left(\sum_{m = 1}^M(\bm\nu_m - \hat{\bm
                                                   \mu}_{\bm \mu})^T\hat{\Si...
The control sequence at the end of the top line
of your error message was never \def'ed. If you have
misspelled it (e.g., `\hobx'), type `I' and the correct
spelling (e.g., `I\hbox'). Otherwise just continue,
and I'll forget about whatever was undefined.

! Undefined control sequence.
l.24 ...um_{m = 1}^M(\bm\nu_m - \hat{\bm \mu}_{\bm
                                                   \mu})^T\hat{\Sigma}_{\bm\...
The control sequence at the end of the top line
of your error message was never \def'ed. If you have
misspelled it (e.g., `\hobx'), type `I' and the correct
spelling (e.g., `I\hbox'). Otherwise just continue,
and I'll forget about whatever was undefined.

! Undefined control sequence.
l.24 ...hat{\bm \mu}_{\bm \mu})^T\hat{\Sigma}_{\bm
                                                  \mu}^{-1}(\bm\nu_m - \hat{...
The control sequence at the end of the top line
of your error message was never \def'ed. If you have
misspelled it (e.g., `\hobx'), type `I' and the correct
spelling (e.g., `I\hbox'). Otherwise just continue,
and I'll forget about whatever was undefined.

! Undefined control sequence.
l.24 ...{\bm \mu})^T\hat{\Sigma}_{\bm\mu}^{-1}(\bm
                                                  \nu_m - \hat{\bm \mu}_{\bm...
The control sequence at the end of the top line
of your error message was never \def'ed. If you have
misspelled it (e.g., `\hobx'), type `I' and the correct
spelling (e.g., `I\hbox'). Otherwise just continue,
and I'll forget about whatever was undefined.

! Undefined control sequence.
l.24 ...{\Sigma}_{\bm\mu}^{-1}(\bm\nu_m - \hat{\bm
                                                   \mu}_{\bm \mu})\right)$, ...
The control sequence at the end of the top line
of your error message was never \def'ed. If you have
misspelled it (e.g., `\hobx'), type `I' and the correct
spelling (e.g., `I\hbox'). Otherwise just continue,
and I'll forget about whatever was undefined.

! Undefined control sequence.
l.24 ...\bm\mu}^{-1}(\bm\nu_m - \hat{\bm \mu}_{\bm
                                                   \mu})\right)$, $B = \frac...
The control sequence at the end of the top line
of your error message was never \def'ed. If you have
misspelled it (e.g., `\hobx'), type `I' and the correct
spelling (e.g., `I\hbox'). Otherwise just continue,
and I'll forget about whatever was undefined.

Missing character: There is no , in font nullfont!
Missing character: There is no a in font nullfont!
Missing character: There is no n in font nullfont!
Missing character: There is no d in font nullfont!
! Undefined control sequence.
<argument> M\mathrm {tr}(\hat {\Sigma }_{\bm 
                                             \mu }^{-1})
l.24 ...{M\mathrm{tr}(\hat{\Sigma}_{\bm\mu}^{-1})}
                                                  $.
The control sequence at the end of the top line
of your error message was never \def'ed. If you have
misspelled it (e.g., `\hobx'), type `I' and the correct
spelling (e.g., `I\hbox'). Otherwise just continue,
and I'll forget about whatever was undefined.

Missing character: There is no . in font nullfont!

! LaTeX Error: \begin{document} ended by \end{lemma}.

See the LaTeX manual or LaTeX Companion for explanation.
Type  H <return>  for immediate help.
 ...                                              
                                                  
l.25 \end{lemma}
                
Your command was ignored.
Type  I <command> <return>  to replace it with another command,
or  <return>  to continue without it.


Overfull \hbox (18.05553pt too wide) in paragraph at lines 23--26
 $\OML/cmm/m/it/10 A \OT1/cmr/m/n/10 =
 []


Overfull \hbox (55.16653pt too wide) in paragraph at lines 23--26
[]\OT1/cmr/m/n/10 ([] \OMS/cmsy/m/n/10 j[]j \OT1/cmr/m/n/10 +
 []


Overfull \hbox (40.11464pt too wide) in paragraph at lines 23--26
[] \OMS/cmsy/m/n/10 j[]j \OT1/cmr/m/n/10 +
 []


Overfull \hbox (19.57225pt too wide) in paragraph at lines 23--26
\OML/cmm/m/it/10 Q\OT1/cmr/m/n/10 ) +
 []


Overfull \hbox (160.37933pt too wide) in paragraph at lines 23--26
[] []$
 []


Overfull \hbox (18.64232pt too wide) in paragraph at lines 23--26
\OML/cmm/m/it/10 B \OT1/cmr/m/n/10 =
 []


Overfull \hbox (50.65762pt too wide) in paragraph at lines 23--26
[]\OT1/cmr/m/n/10 (\OML/cmm/m/it/10 Q [] ^^O \OMS/cmsy/m/n/10 ^^@
 []


Overfull \hbox (27.68054pt too wide) in paragraph at lines 23--26
[] \OML/cmm/m/it/10 K\OT1/cmr/m/n/10 )$
 []


Overfull \hbox (18.418pt too wide) in paragraph at lines 23--26
\OML/cmm/m/it/10 C \OT1/cmr/m/n/10 =
 []


Overfull \hbox (38.30438pt too wide) in paragraph at lines 23--26
[]$
 []


! LaTeX Error: Environment proof undefined.

See the LaTeX manual or LaTeX Companion for explanation.
Type  H <return>  for immediate help.
 ...                                              
                                                  
l.27 \begin{proof}
                  
Your command was ignored.
Type  I <command> <return>  to replace it with another command,
or  <return>  to continue without it.

! Undefined control sequence.
l.28 	{\footnotesize
                    
The control sequence at the end of the top line
of your error message was never \def'ed. If you have
misspelled it (e.g., `\hobx'), type `I' and the correct
spelling (e.g., `I\hbox'). Otherwise just continue,
and I'll forget about whatever was undefined.


! LaTeX Error: Missing \begin{document}.

See the LaTeX manual or LaTeX Companion for explanation.
Type  H <return>  for immediate help.
 ...                                              
                                                  
l.29 		\begin{eqnarray}
                       
You're in trouble here.  Try typing  <return>  to proceed.
If that doesn't work, type  X <return>  to quit.


Overfull \hbox (20.0pt too wide) in paragraph at lines 29--29
[] 
 []

! Undefined control sequence.
l.30 		\log p(\bm
                  Y) & \geq &  E_{q(F, U, X, Z)}\log p(Y|F) - \mathrm{KL}(q(...
The control sequence at the end of the top line
of your error message was never \def'ed. If you have
misspelled it (e.g., `\hobx'), type `I' and the correct
spelling (e.g., `I\hbox'). Otherwise just continue,
and I'll forget about whatever was undefined.

! Undefined control sequence.
l.30 ..., U, X, Z)}\log p(Y|F) - \mathrm{KL}(q(\bm
                                                   X)|| p(\bm X)) - \mathrm{...
The control sequence at the end of the top line
of your error message was never \def'ed. If you have
misspelled it (e.g., `\hobx'), type `I' and the correct
spelling (e.g., `I\hbox'). Otherwise just continue,
and I'll forget about whatever was undefined.

! Undefined control sequence.
l.30 ...\log p(Y|F) - \mathrm{KL}(q(\bm X)|| p(\bm
                                                   X)) - \mathrm{KL}(q(\bm U...
The control sequence at the end of the top line
of your error message was never \def'ed. If you have
misspelled it (e.g., `\hobx'), type `I' and the correct
spelling (e.g., `I\hbox'). Otherwise just continue,
and I'll forget about whatever was undefined.

! Undefined control sequence.
l.30 ...}(q(\bm X)|| p(\bm X)) - \mathrm{KL}(q(\bm
                                                   U) ||p(\bm U )) -\mathrm{...
The control sequence at the end of the top line
of your error message was never \def'ed. If you have
misspelled it (e.g., `\hobx'), type `I' and the correct
spelling (e.g., `I\hbox'). Otherwise just continue,
and I'll forget about whatever was undefined.

! Undefined control sequence.
l.30 ...| p(\bm X)) - \mathrm{KL}(q(\bm U) ||p(\bm
                                                   U )) -\mathrm{KL}(q(\bm Z...
The control sequence at the end of the top line
of your error message was never \def'ed. If you have
misspelled it (e.g., `\hobx'), type `I' and the correct
spelling (e.g., `I\hbox'). Otherwise just continue,
and I'll forget about whatever was undefined.

! Undefined control sequence.
l.30 ...}(q(\bm U) ||p(\bm U )) -\mathrm{KL}(q(\bm
                                                   Z)|| p(\bm Z)) \nonumber \\
The control sequence at the end of the top line
of your error message was never \def'ed. If you have
misspelled it (e.g., `\hobx'), type `I' and the correct
spelling (e.g., `I\hbox'). Otherwise just continue,
and I'll forget about whatever was undefined.

! Undefined control sequence.
l.30 ...||p(\bm U )) -\mathrm{KL}(q(\bm Z)|| p(\bm
                                                   Z)) \nonumber \\
The control sequence at the end of the top line
of your error message was never \def'ed. If you have
misspelled it (e.g., `\hobx'), type `I' and the correct
spelling (e.g., `I\hbox'). Otherwise just continue,
and I'll forget about whatever was undefined.

! Undefined control sequence.
l.31 ..., U, X, Z)}\log p(Y|F) - \mathrm{KL}(q(\bm
                                                   X)|| p(\bm X)) - \mathrm{...
The control sequence at the end of the top line
of your error message was never \def'ed. If you have
misspelled it (e.g., `\hobx'), type `I' and the correct
spelling (e.g., `I\hbox'). Otherwise just continue,
and I'll forget about whatever was undefined.

! Undefined control sequence.
l.31 ...\log p(Y|F) - \mathrm{KL}(q(\bm X)|| p(\bm
                                                   X)) - \mathrm{KL}(q(\bm U...
The control sequence at the end of the top line
of your error message was never \def'ed. If you have
misspelled it (e.g., `\hobx'), type `I' and the correct
spelling (e.g., `I\hbox'). Otherwise just continue,
and I'll forget about whatever was undefined.

! Undefined control sequence.
l.31 ...}(q(\bm X)|| p(\bm X)) - \mathrm{KL}(q(\bm
                                                   U) ||p(\bm U )) - A \nonu...
The control sequence at the end of the top line
of your error message was never \def'ed. If you have
misspelled it (e.g., `\hobx'), type `I' and the correct
spelling (e.g., `I\hbox'). Otherwise just continue,
and I'll forget about whatever was undefined.

! Undefined control sequence.
l.31 ...| p(\bm X)) - \mathrm{KL}(q(\bm U) ||p(\bm
                                                   U )) - A \nonumber \\
The control sequence at the end of the top line
of your error message was never \def'ed. If you have
misspelled it (e.g., `\hobx'), type `I' and the correct
spelling (e.g., `I\hbox'). Otherwise just continue,
and I'll forget about whatever was undefined.

! Undefined control sequence.
l.32 ...+ \frac{M}{2}(Q\log\epsilon-\log |\hat{\bm
                                                  \Sigma}_{\bm \nu}|) + C \n...
The control sequence at the end of the top line
of your error message was never \def'ed. If you have
misspelled it (e.g., `\hobx'), type `I' and the correct
spelling (e.g., `I\hbox'). Otherwise just continue,
and I'll forget about whatever was undefined.

! Undefined control sequence.
l.32 ...}(Q\log\epsilon-\log |\hat{\bm\Sigma}_{\bm
                                                   \nu}|) + C \nonumber \\
The control sequence at the end of the top line
of your error message was never \def'ed. If you have
misspelled it (e.g., `\hobx'), type `I' and the correct
spelling (e.g., `I\hbox'). Otherwise just continue,
and I'll forget about whatever was undefined.


Overfull \hbox (383.32716pt too wide) in alignment at lines 29--34
 [][][] []
 []


! LaTeX Error: \begin{document} ended by \end{proof}.

See the LaTeX manual or LaTeX Companion for explanation.
Type  H <return>  for immediate help.
 ...                                              
                                                  
l.36 \end{proof}
                
Your command was ignored.
Type  I <command> <return>  to replace it with another command,
or  <return>  to continue without it.


! LaTeX Error: Environment lemma undefined.

See the LaTeX manual or LaTeX Companion for explanation.
Type  H <return>  for immediate help.
 ...                                              
                                                  
l.38 \begin{lemma}
                  
Your command was ignored.
Type  I <command> <return>  to replace it with another command,
or  <return>  to continue without it.


! LaTeX Error: Missing \begin{document}.

See the LaTeX manual or LaTeX Companion for explanation.
Type  H <return>  for immediate help.
 ...                                              
                                                  
l.39 	W
       e derive the regularization term as $M\mathrm{KL}(q_Z || q_X) = \frac...

You're in trouble here.  Try typing  <return>  to proceed.
If that doesn't work, type  X <return>  to quit.

Missing character: There is no W in font nullfont!
Missing character: There is no e in font nullfont!
Missing character: There is no d in font nullfont!
Missing character: There is no e in font nullfont!
Missing character: There is no r in font nullfont!
Missing character: There is no i in font nullfont!
Missing character: There is no v in font nullfont!
Missing character: There is no e in font nullfont!
Missing character: There is no t in font nullfont!
Missing character: There is no h in font nullfont!
Missing character: There is no e in font nullfont!
Missing character: There is no r in font nullfont!
Missing character: There is no e in font nullfont!
Missing character: There is no g in font nullfont!
Missing character: There is no u in font nullfont!
Missing character: There is no l in font nullfont!
Missing character: There is no a in font nullfont!
Missing character: There is no r in font nullfont!
Missing character: There is no i in font nullfont!
Missing character: There is no z in font nullfont!
Missing character: There is no a in font nullfont!
Missing character: There is no t in font nullfont!
Missing character: There is no i in font nullfont!
Missing character: There is no o in font nullfont!
Missing character: There is no n in font nullfont!
Missing character: There is no t in font nullfont!
Missing character: There is no e in font nullfont!
Missing character: There is no r in font nullfont!
Missing character: There is no m in font nullfont!
Missing character: There is no a in font nullfont!
Missing character: There is no s in font nullfont!
! Undefined control sequence.
l.39 ...q_X) = \frac{M}{2}(\log |\hat{\Sigma}_{\bm
                                                   \mu}| + \log|\hat{\bm\Sig...
The control sequence at the end of the top line
of your error message was never \def'ed. If you have
misspelled it (e.g., `\hobx'), type `I' and the correct
spelling (e.g., `I\hbox'). Otherwise just continue,
and I'll forget about whatever was undefined.

! Undefined control sequence.
l.39 ...g |\hat{\Sigma}_{\bm \mu}| + \log|\hat{\bm
                                                  \Sigma}_{\bm z}| + Q) + \f...
The control sequence at the end of the top line
of your error message was never \def'ed. If you have
misspelled it (e.g., `\hobx'), type `I' and the correct
spelling (e.g., `I\hbox'). Otherwise just continue,
and I'll forget about whatever was undefined.

! Undefined control sequence.
l.39 ...ma}_{\bm \mu}| + \log|\hat{\bm\Sigma}_{\bm
                                                   z}| + Q) + \frac{1}{2}\le...
The control sequence at the end of the top line
of your error message was never \def'ed. If you have
misspelled it (e.g., `\hobx'), type `I' and the correct
spelling (e.g., `I\hbox'). Otherwise just continue,
and I'll forget about whatever was undefined.

! Undefined control sequence.
l.39 ...+ Q) + \frac{1}{2}\left(\sum_{m = 1}^M(\bm
                                                   z_m - \hat{\bm \mu}_{\bm ...
The control sequence at the end of the top line
of your error message was never \def'ed. If you have
misspelled it (e.g., `\hobx'), type `I' and the correct
spelling (e.g., `I\hbox'). Otherwise just continue,
and I'll forget about whatever was undefined.

! Undefined control sequence.
l.39 ...{2}\left(\sum_{m = 1}^M(\bm z_m - \hat{\bm
                                                   \mu}_{\bm \mu})^T\hat{\Si...
The control sequence at the end of the top line
of your error message was never \def'ed. If you have
misspelled it (e.g., `\hobx'), type `I' and the correct
spelling (e.g., `I\hbox'). Otherwise just continue,
and I'll forget about whatever was undefined.

! Undefined control sequence.
l.39 ...sum_{m = 1}^M(\bm z_m - \hat{\bm \mu}_{\bm
                                                   \mu})^T\hat{\Sigma}_{\bm\...
The control sequence at the end of the top line
of your error message was never \def'ed. If you have
misspelled it (e.g., `\hobx'), type `I' and the correct
spelling (e.g., `I\hbox'). Otherwise just continue,
and I'll forget about whatever was undefined.

! Undefined control sequence.
l.39 ...hat{\bm \mu}_{\bm \mu})^T\hat{\Sigma}_{\bm
                                                  \mu}^{-1}(\bm z_m - \hat{\...
The control sequence at the end of the top line
of your error message was never \def'ed. If you have
misspelled it (e.g., `\hobx'), type `I' and the correct
spelling (e.g., `I\hbox'). Otherwise just continue,
and I'll forget about whatever was undefined.

! Undefined control sequence.
l.39 ...{\bm \mu})^T\hat{\Sigma}_{\bm\mu}^{-1}(\bm
                                                   z_m - \hat{\bm \mu}_{\bm ...
The control sequence at the end of the top line
of your error message was never \def'ed. If you have
misspelled it (e.g., `\hobx'), type `I' and the correct
spelling (e.g., `I\hbox'). Otherwise just continue,
and I'll forget about whatever was undefined.

! Undefined control sequence.
l.39 ...t{\Sigma}_{\bm\mu}^{-1}(\bm z_m - \hat{\bm
                                                   \mu}_{\bm \mu})\right)$.
The control sequence at the end of the top line
of your error message was never \def'ed. If you have
misspelled it (e.g., `\hobx'), type `I' and the correct
spelling (e.g., `I\hbox'). Otherwise just continue,
and I'll forget about whatever was undefined.

! Undefined control sequence.
l.39 ...{\bm\mu}^{-1}(\bm z_m - \hat{\bm \mu}_{\bm
                                                   \mu})\right)$.
The control sequence at the end of the top line
of your error message was never \def'ed. If you have
misspelled it (e.g., `\hobx'), type `I' and the correct
spelling (e.g., `I\hbox'). Otherwise just continue,
and I'll forget about whatever was undefined.

Missing character: There is no . in font nullfont!

! LaTeX Error: \begin{document} ended by \end{lemma}.

See the LaTeX manual or LaTeX Companion for explanation.
Type  H <return>  for immediate help.
 ...                                              
                                                  
l.40 \end{lemma}
                
Your command was ignored.
Type  I <command> <return>  to replace it with another command,
or  <return>  to continue without it.


Overfull \hbox (20.0pt too wide) in paragraph at lines 39--41
[]
 []


Overfull \hbox (71.67761pt too wide) in paragraph at lines 39--41
\OML/cmm/m/it/10 M[]\OT1/cmr/m/n/10 (\OML/cmm/m/it/10 q[]\OMS/cmsy/m/n/10 jj\OM
L/cmm/m/it/10 q[]\OT1/cmr/m/n/10 ) =
 []


Overfull \hbox (55.16653pt too wide) in paragraph at lines 39--41
[]\OT1/cmr/m/n/10 ([] \OMS/cmsy/m/n/10 j[]j \OT1/cmr/m/n/10 +
 []


Overfull \hbox (39.7466pt too wide) in paragraph at lines 39--41
[] \OMS/cmsy/m/n/10 j[]j \OT1/cmr/m/n/10 +
 []


Overfull \hbox (19.57225pt too wide) in paragraph at lines 39--41
\OML/cmm/m/it/10 Q\OT1/cmr/m/n/10 ) +
 []


Overfull \hbox (159.80069pt too wide) in paragraph at lines 39--41
[] []$
 []


! LaTeX Error: Environment proof undefined.

See the LaTeX manual or LaTeX Companion for explanation.
Type  H <return>  for immediate help.
 ...                                              
                                                  
l.42 \begin{proof}
                  
Your command was ignored.
Type  I <command> <return>  to replace it with another command,
or  <return>  to continue without it.

! Undefined control sequence.
l.43 	{\footnotesize
                    
The control sequence at the end of the top line
of your error message was never \def'ed. If you have
misspelled it (e.g., `\hobx'), type `I' and the correct
spelling (e.g., `I\hbox'). Otherwise just continue,
and I'll forget about whatever was undefined.


! LaTeX Error: Missing \begin{document}.

See the LaTeX manual or LaTeX Companion for explanation.
Type  H <return>  for immediate help.
 ...                                              
                                                  
l.44 		\begin{eqnarray}
                       
You're in trouble here.  Try typing  <return>  to proceed.
If that doesn't work, type  X <return>  to quit.


Overfull \hbox (20.0pt too wide) in paragraph at lines 44--44
[] 
 []

! Undefined control sequence.
<argument> |\hat {\Sigma }_{\bm 
                                \mu }|
l.45 ...|\hat{\Sigma}_{\bm\mu}|}{|\hat{\Sigma}_Z|}
                                                   - Q + \mathrm{tr}(\hat{\S...
The control sequence at the end of the top line
of your error message was never \def'ed. If you have
misspelled it (e.g., `\hobx'), type `I' and the correct
spelling (e.g., `I\hbox'). Otherwise just continue,
and I'll forget about whatever was undefined.

! Undefined control sequence.
l.45 ...a}_Z|} - Q + \mathrm{tr}(\hat{\Sigma}_{\bm
                                                  \mu}^{-1}\hat{\Sigma}_Z)+(...
The control sequence at the end of the top line
of your error message was never \def'ed. If you have
misspelled it (e.g., `\hobx'), type `I' and the correct
spelling (e.g., `I\hbox'). Otherwise just continue,
and I'll forget about whatever was undefined.

! Undefined control sequence.
l.45 ...ma}_{\bm\mu}^{-1}\hat{\Sigma}_Z)+(\hat{\bm
                                                   \mu}_{\bm\mu} - \hat{\bm ...
The control sequence at the end of the top line
of your error message was never \def'ed. If you have
misspelled it (e.g., `\hobx'), type `I' and the correct
spelling (e.g., `I\hbox'). Otherwise just continue,
and I'll forget about whatever was undefined.

! Undefined control sequence.
l.45 ...u}^{-1}\hat{\Sigma}_Z)+(\hat{\bm \mu}_{\bm
                                                  \mu} - \hat{\bm \mu}_Z)^T\...
The control sequence at the end of the top line
of your error message was never \def'ed. If you have
misspelled it (e.g., `\hobx'), type `I' and the correct
spelling (e.g., `I\hbox'). Otherwise just continue,
and I'll forget about whatever was undefined.

! Undefined control sequence.
l.45 ...gma}_Z)+(\hat{\bm \mu}_{\bm\mu} - \hat{\bm
                                                   \mu}_Z)^T\hat{\Sigma}_{\b...
The control sequence at the end of the top line
of your error message was never \def'ed. If you have
misspelled it (e.g., `\hobx'), type `I' and the correct
spelling (e.g., `I\hbox'). Otherwise just continue,
and I'll forget about whatever was undefined.

! Undefined control sequence.
l.45 ...\mu} - \hat{\bm \mu}_Z)^T\hat{\Sigma}_{\bm
                                                  \mu}^{-1}(\hat{\bm \mu}_{\...
The control sequence at the end of the top line
of your error message was never \def'ed. If you have
misspelled it (e.g., `\hobx'), type `I' and the correct
spelling (e.g., `I\hbox'). Otherwise just continue,
and I'll forget about whatever was undefined.

! Undefined control sequence.
l.45 ...u}_Z)^T\hat{\Sigma}_{\bm\mu}^{-1}(\hat{\bm
                                                   \mu}_{\bm\mu} - \hat{\bm ...
The control sequence at the end of the top line
of your error message was never \def'ed. If you have
misspelled it (e.g., `\hobx'), type `I' and the correct
spelling (e.g., `I\hbox'). Otherwise just continue,
and I'll forget about whatever was undefined.

! Undefined control sequence.
l.45 ...t{\Sigma}_{\bm\mu}^{-1}(\hat{\bm \mu}_{\bm
                                                  \mu} - \hat{\bm \mu}_Z)\ri...
The control sequence at the end of the top line
of your error message was never \def'ed. If you have
misspelled it (e.g., `\hobx'), type `I' and the correct
spelling (e.g., `I\hbox'). Otherwise just continue,
and I'll forget about whatever was undefined.

! Undefined control sequence.
l.45 ...mu}^{-1}(\hat{\bm \mu}_{\bm\mu} - \hat{\bm
                                                   \mu}_Z)\right] \nonumber \\
The control sequence at the end of the top line
of your error message was never \def'ed. If you have
misspelled it (e.g., `\hobx'), type `I' and the correct
spelling (e.g., `I\hbox'). Otherwise just continue,
and I'll forget about whatever was undefined.

! Undefined control sequence.
<argument> |\hat {\Sigma }_{\bm 
                                \mu }|
l.46 ...|\hat{\Sigma}_{\bm\mu}|}{|\hat{\Sigma}_Z|}
                                                   - Q + \mathrm{tr}\left(\h...
The control sequence at the end of the top line
of your error message was never \def'ed. If you have
misspelled it (e.g., `\hobx'), type `I' and the correct
spelling (e.g., `I\hbox'). Otherwise just continue,
and I'll forget about whatever was undefined.

! Undefined control sequence.
l.46 ...} - Q + \mathrm{tr}\left(\hat{\Sigma}_{\bm
                                                  \mu}^{-1}((\hat{\bm \mu}_{...
The control sequence at the end of the top line
of your error message was never \def'ed. If you have
misspelled it (e.g., `\hobx'), type `I' and the correct
spelling (e.g., `I\hbox'). Otherwise just continue,
and I'll forget about whatever was undefined.

! Undefined control sequence.
l.46 ...\left(\hat{\Sigma}_{\bm\mu}^{-1}((\hat{\bm
                                                   \mu}_{\bm\mu} - \hat{\bm ...
The control sequence at the end of the top line
of your error message was never \def'ed. If you have
misspelled it (e.g., `\hobx'), type `I' and the correct
spelling (e.g., `I\hbox'). Otherwise just continue,
and I'll forget about whatever was undefined.

! Undefined control sequence.
l.46 ...{\Sigma}_{\bm\mu}^{-1}((\hat{\bm \mu}_{\bm
                                                  \mu} - \hat{\bm \mu}_Z)(\h...
The control sequence at the end of the top line
of your error message was never \def'ed. If you have
misspelled it (e.g., `\hobx'), type `I' and the correct
spelling (e.g., `I\hbox'). Otherwise just continue,
and I'll forget about whatever was undefined.

! Undefined control sequence.
l.46 ...u}^{-1}((\hat{\bm \mu}_{\bm\mu} - \hat{\bm
                                                   \mu}_Z)(\hat{\bm \mu}_{\b...
The control sequence at the end of the top line
of your error message was never \def'ed. If you have
misspelled it (e.g., `\hobx'), type `I' and the correct
spelling (e.g., `I\hbox'). Otherwise just continue,
and I'll forget about whatever was undefined.

! Undefined control sequence.
l.46 ... \mu}_{\bm\mu} - \hat{\bm \mu}_Z)(\hat{\bm
                                                   \mu}_{\bm\mu} - \hat{\bm ...
The control sequence at the end of the top line
of your error message was never \def'ed. If you have
misspelled it (e.g., `\hobx'), type `I' and the correct
spelling (e.g., `I\hbox'). Otherwise just continue,
and I'll forget about whatever was undefined.

! Undefined control sequence.
l.46 ...\mu} - \hat{\bm \mu}_Z)(\hat{\bm \mu}_{\bm
                                                  \mu} - \hat{\bm \mu}_Z)^T ...
The control sequence at the end of the top line
of your error message was never \def'ed. If you have
misspelled it (e.g., `\hobx'), type `I' and the correct
spelling (e.g., `I\hbox'). Otherwise just continue,
and I'll forget about whatever was undefined.

! Undefined control sequence.
l.46 ... \mu}_Z)(\hat{\bm \mu}_{\bm\mu} - \hat{\bm
                                                   \mu}_Z)^T + \hat{\Sigma}_...
The control sequence at the end of the top line
of your error message was never \def'ed. If you have
misspelled it (e.g., `\hobx'), type `I' and the correct
spelling (e.g., `I\hbox'). Otherwise just continue,
and I'll forget about whatever was undefined.

! Undefined control sequence.
<argument> |\hat {\Sigma }_{\bm 
                                \mu }|
l.47 ...|\hat{\Sigma}_{\bm\mu}|}{|\hat{\Sigma}_Z|}
                                                   - Q + \frac{1}{M}\mathrm{...
The control sequence at the end of the top line
of your error message was never \def'ed. If you have
misspelled it (e.g., `\hobx'), type `I' and the correct
spelling (e.g., `I\hbox'). Otherwise just continue,
and I'll forget about whatever was undefined.

! Undefined control sequence.
l.47 ...ac{1}{M}\mathrm{tr}\bigg(\hat{\Sigma}_{\bm
                                                  \mu}^{-1}(M(\hat{\bm \mu}_...
The control sequence at the end of the top line
of your error message was never \def'ed. If you have
misspelled it (e.g., `\hobx'), type `I' and the correct
spelling (e.g., `I\hbox'). Otherwise just continue,
and I'll forget about whatever was undefined.

! Undefined control sequence.
l.47 ...bigg(\hat{\Sigma}_{\bm\mu}^{-1}(M(\hat{\bm
                                                   \mu}_{\bm\mu} - \hat{\bm ...
The control sequence at the end of the top line
of your error message was never \def'ed. If you have
misspelled it (e.g., `\hobx'), type `I' and the correct
spelling (e.g., `I\hbox'). Otherwise just continue,
and I'll forget about whatever was undefined.

! Undefined control sequence.
l.47 ...\Sigma}_{\bm\mu}^{-1}(M(\hat{\bm \mu}_{\bm
                                                  \mu} - \hat{\bm \mu}_Z)(\h...
The control sequence at the end of the top line
of your error message was never \def'ed. If you have
misspelled it (e.g., `\hobx'), type `I' and the correct
spelling (e.g., `I\hbox'). Otherwise just continue,
and I'll forget about whatever was undefined.

! Undefined control sequence.
l.47 ...}^{-1}(M(\hat{\bm \mu}_{\bm\mu} - \hat{\bm
                                                   \mu}_Z)(\hat{\bm \mu}_{\b...
The control sequence at the end of the top line
of your error message was never \def'ed. If you have
misspelled it (e.g., `\hobx'), type `I' and the correct
spelling (e.g., `I\hbox'). Otherwise just continue,
and I'll forget about whatever was undefined.

! Undefined control sequence.
l.47 ... \mu}_{\bm\mu} - \hat{\bm \mu}_Z)(\hat{\bm
                                                   \mu}_{\bm\mu} - \hat{\bm ...
The control sequence at the end of the top line
of your error message was never \def'ed. If you have
misspelled it (e.g., `\hobx'), type `I' and the correct
spelling (e.g., `I\hbox'). Otherwise just continue,
and I'll forget about whatever was undefined.

! Undefined control sequence.
l.47 ...\mu} - \hat{\bm \mu}_Z)(\hat{\bm \mu}_{\bm
                                                  \mu} - \hat{\bm \mu}_Z)^T ...
The control sequence at the end of the top line
of your error message was never \def'ed. If you have
misspelled it (e.g., `\hobx'), type `I' and the correct
spelling (e.g., `I\hbox'). Otherwise just continue,
and I'll forget about whatever was undefined.

! Undefined control sequence.
l.47 ... \mu}_Z)(\hat{\bm \mu}_{\bm\mu} - \hat{\bm
                                                   \mu}_Z)^T + \sum_{m = 1}^...
The control sequence at the end of the top line
of your error message was never \def'ed. If you have
misspelled it (e.g., `\hobx'), type `I' and the correct
spelling (e.g., `I\hbox'). Otherwise just continue,
and I'll forget about whatever was undefined.

! Undefined control sequence.
l.47 ... \hat{\bm \mu}_Z)^T + \sum_{m = 1}^{M}(\bm
                                                   u_m - \hat{\bm \mu}_Z)(\b...
The control sequence at the end of the top line
of your error message was never \def'ed. If you have
misspelled it (e.g., `\hobx'), type `I' and the correct
spelling (e.g., `I\hbox'). Otherwise just continue,
and I'll forget about whatever was undefined.

! Undefined control sequence.
l.47 ...Z)^T + \sum_{m = 1}^{M}(\bm u_m - \hat{\bm
                                                   \mu}_Z)(\bm u_m - \hat{\b...
The control sequence at the end of the top line
of your error message was never \def'ed. If you have
misspelled it (e.g., `\hobx'), type `I' and the correct
spelling (e.g., `I\hbox'). Otherwise just continue,
and I'll forget about whatever was undefined.

! Undefined control sequence.
l.47 ...{m = 1}^{M}(\bm u_m - \hat{\bm \mu}_Z)(\bm
                                                   u_m - \hat{\bm \mu}_Z)^T\...
The control sequence at the end of the top line
of your error message was never \def'ed. If you have
misspelled it (e.g., `\hobx'), type `I' and the correct
spelling (e.g., `I\hbox'). Otherwise just continue,
and I'll forget about whatever was undefined.

! Undefined control sequence.
l.47 ... u_m - \hat{\bm \mu}_Z)(\bm u_m - \hat{\bm
                                                   \mu}_Z)^T\bigg)\Bigg] \no...
The control sequence at the end of the top line
of your error message was never \def'ed. If you have
misspelled it (e.g., `\hobx'), type `I' and the correct
spelling (e.g., `I\hbox'). Otherwise just continue,
and I'll forget about whatever was undefined.

! Undefined control sequence.
<argument> |\hat {\Sigma }_{\bm 
                                \mu }|
l.48 ...|\hat{\Sigma}_{\bm\mu}|}{|\hat{\Sigma}_Z|}
                                                   - Q + \frac{1}{M}\mathrm{...
The control sequence at the end of the top line
of your error message was never \def'ed. If you have
misspelled it (e.g., `\hobx'), type `I' and the correct
spelling (e.g., `I\hbox'). Otherwise just continue,
and I'll forget about whatever was undefined.

! Undefined control sequence.
l.48 ...ac{1}{M}\mathrm{tr}\bigg(\hat{\Sigma}_{\bm
                                                  \mu}^{-1}(M\hat{\bm \mu}_{...
The control sequence at the end of the top line
of your error message was never \def'ed. If you have
misspelled it (e.g., `\hobx'), type `I' and the correct
spelling (e.g., `I\hbox'). Otherwise just continue,
and I'll forget about whatever was undefined.

! Undefined control sequence.
l.48 ...\bigg(\hat{\Sigma}_{\bm\mu}^{-1}(M\hat{\bm
                                                   \mu}_{\bm\mu}\hat{\bm \mu...
The control sequence at the end of the top line
of your error message was never \def'ed. If you have
misspelled it (e.g., `\hobx'), type `I' and the correct
spelling (e.g., `I\hbox'). Otherwise just continue,
and I'll forget about whatever was undefined.

! Undefined control sequence.
l.48 ...{\Sigma}_{\bm\mu}^{-1}(M\hat{\bm \mu}_{\bm
                                                  \mu}\hat{\bm \mu}_{\bm\mu}...
The control sequence at the end of the top line
of your error message was never \def'ed. If you have
misspelled it (e.g., `\hobx'), type `I' and the correct
spelling (e.g., `I\hbox'). Otherwise just continue,
and I'll forget about whatever was undefined.

! Undefined control sequence.
l.48 ...m\mu}^{-1}(M\hat{\bm \mu}_{\bm\mu}\hat{\bm
                                                   \mu}_{\bm\mu}^T - M\hat{\...
The control sequence at the end of the top line
of your error message was never \def'ed. If you have
misspelled it (e.g., `\hobx'), type `I' and the correct
spelling (e.g., `I\hbox'). Otherwise just continue,
and I'll forget about whatever was undefined.

! Undefined control sequence.
l.48 ...(M\hat{\bm \mu}_{\bm\mu}\hat{\bm \mu}_{\bm
                                                  \mu}^T - M\hat{\bm \mu}_{\...
The control sequence at the end of the top line
of your error message was never \def'ed. If you have
misspelled it (e.g., `\hobx'), type `I' and the correct
spelling (e.g., `I\hbox'). Otherwise just continue,
and I'll forget about whatever was undefined.

! Undefined control sequence.
l.48 ...bm\mu}\hat{\bm \mu}_{\bm\mu}^T - M\hat{\bm
                                                   \mu}_{\bm\mu}\hat{\bm \mu...
The control sequence at the end of the top line
of your error message was never \def'ed. If you have
misspelled it (e.g., `\hobx'), type `I' and the correct
spelling (e.g., `I\hbox'). Otherwise just continue,
and I'll forget about whatever was undefined.

! Undefined control sequence.
l.48 ...{\bm \mu}_{\bm\mu}^T - M\hat{\bm \mu}_{\bm
                                                  \mu}\hat{\bm \mu}_Z^T - M\...
The control sequence at the end of the top line
of your error message was never \def'ed. If you have
misspelled it (e.g., `\hobx'), type `I' and the correct
spelling (e.g., `I\hbox'). Otherwise just continue,
and I'll forget about whatever was undefined.

! Undefined control sequence.
l.48 ...bm\mu}^T - M\hat{\bm \mu}_{\bm\mu}\hat{\bm
                                                   \mu}_Z^T - M\hat{\bm \mu}...
The control sequence at the end of the top line
of your error message was never \def'ed. If you have
misspelled it (e.g., `\hobx'), type `I' and the correct
spelling (e.g., `I\hbox'). Otherwise just continue,
and I'll forget about whatever was undefined.

! Undefined control sequence.
l.48 ...\mu}_{\bm\mu}\hat{\bm \mu}_Z^T - M\hat{\bm
                                                   \mu}_Z\hat{\bm \mu}_{\bm\...
The control sequence at the end of the top line
of your error message was never \def'ed. If you have
misspelled it (e.g., `\hobx'), type `I' and the correct
spelling (e.g., `I\hbox'). Otherwise just continue,
and I'll forget about whatever was undefined.

! Undefined control sequence.
l.48 ...at{\bm \mu}_Z^T - M\hat{\bm \mu}_Z\hat{\bm
                                                   \mu}_{\bm\mu}^T + M\hat{\...
The control sequence at the end of the top line
of your error message was never \def'ed. If you have
misspelled it (e.g., `\hobx'), type `I' and the correct
spelling (e.g., `I\hbox'). Otherwise just continue,
and I'll forget about whatever was undefined.

! Undefined control sequence.
l.48 ...}_Z^T - M\hat{\bm \mu}_Z\hat{\bm \mu}_{\bm
                                                  \mu}^T + M\hat{\bm \mu}_Z\...
The control sequence at the end of the top line
of your error message was never \def'ed. If you have
misspelled it (e.g., `\hobx'), type `I' and the correct
spelling (e.g., `I\hbox'). Otherwise just continue,
and I'll forget about whatever was undefined.

! Undefined control sequence.
l.48 ...\mu}_Z\hat{\bm \mu}_{\bm\mu}^T + M\hat{\bm
                                                   \mu}_Z\hat{\bm \mu}_Z^T \...
The control sequence at the end of the top line
of your error message was never \def'ed. If you have
misspelled it (e.g., `\hobx'), type `I' and the correct
spelling (e.g., `I\hbox'). Otherwise just continue,
and I'll forget about whatever was undefined.

! Undefined control sequence.
l.48 ...\mu}_{\bm\mu}^T + M\hat{\bm \mu}_Z\hat{\bm
                                                   \mu}_Z^T \nonumber \\
The control sequence at the end of the top line
of your error message was never \def'ed. If you have
misspelled it (e.g., `\hobx'), type `I' and the correct
spelling (e.g., `I\hbox'). Otherwise just continue,
and I'll forget about whatever was undefined.

! Undefined control sequence.
l.49 		& & + \sum_{m = 1}^{M}\bm
                                 u_m \bm u_m^T - (\sum_{m = 1}^{M}\bm z_m)\h...
The control sequence at the end of the top line
of your error message was never \def'ed. If you have
misspelled it (e.g., `\hobx'), type `I' and the correct
spelling (e.g., `I\hbox'). Otherwise just continue,
and I'll forget about whatever was undefined.

! Undefined control sequence.
l.49 		& & + \sum_{m = 1}^{M}\bm u_m \bm
                                         u_m^T - (\sum_{m = 1}^{M}\bm z_m)\h...
The control sequence at the end of the top line
of your error message was never \def'ed. If you have
misspelled it (e.g., `\hobx'), type `I' and the correct
spelling (e.g., `I\hbox'). Otherwise just continue,
and I'll forget about whatever was undefined.

! Undefined control sequence.
l.49 ...M}\bm u_m \bm u_m^T - (\sum_{m = 1}^{M}\bm
                                                   z_m)\hat{\bm \mu}_Z^T - \...
The control sequence at the end of the top line
of your error message was never \def'ed. If you have
misspelled it (e.g., `\hobx'), type `I' and the correct
spelling (e.g., `I\hbox'). Otherwise just continue,
and I'll forget about whatever was undefined.

! Undefined control sequence.
l.49 ... u_m^T - (\sum_{m = 1}^{M}\bm z_m)\hat{\bm
                                                   \mu}_Z^T - \hat{\bm \mu}_...
The control sequence at the end of the top line
of your error message was never \def'ed. If you have
misspelled it (e.g., `\hobx'), type `I' and the correct
spelling (e.g., `I\hbox'). Otherwise just continue,
and I'll forget about whatever was undefined.

! Undefined control sequence.
l.49 ...1}^{M}\bm z_m)\hat{\bm \mu}_Z^T - \hat{\bm
                                                   \mu}_Z(\sum_{m = 1}^{M}\b...
The control sequence at the end of the top line
of your error message was never \def'ed. If you have
misspelled it (e.g., `\hobx'), type `I' and the correct
spelling (e.g., `I\hbox'). Otherwise just continue,
and I'll forget about whatever was undefined.

! Undefined control sequence.
l.49 ..._Z^T - \hat{\bm \mu}_Z(\sum_{m = 1}^{M}\bm
                                                   z_m)^T + M\hat{\bm \mu}_Z...
The control sequence at the end of the top line
of your error message was never \def'ed. If you have
misspelled it (e.g., `\hobx'), type `I' and the correct
spelling (e.g., `I\hbox'). Otherwise just continue,
and I'll forget about whatever was undefined.

! Undefined control sequence.
l.49 ...}_Z(\sum_{m = 1}^{M}\bm z_m)^T + M\hat{\bm
                                                   \mu}_Z\hat{\bm \mu}_Z^T \...
The control sequence at the end of the top line
of your error message was never \def'ed. If you have
misspelled it (e.g., `\hobx'), type `I' and the correct
spelling (e.g., `I\hbox'). Otherwise just continue,
and I'll forget about whatever was undefined.

! Undefined control sequence.
l.49 ...}^{M}\bm z_m)^T + M\hat{\bm \mu}_Z\hat{\bm
                                                   \mu}_Z^T \bigg)\Bigg] \no...
The control sequence at the end of the top line
of your error message was never \def'ed. If you have
misspelled it (e.g., `\hobx'), type `I' and the correct
spelling (e.g., `I\hbox'). Otherwise just continue,
and I'll forget about whatever was undefined.

! Undefined control sequence.
<argument> |\hat {\Sigma }_{\bm 
                                \mu }|
l.50 ...|\hat{\Sigma}_{\bm\mu}|}{|\hat{\Sigma}_Z|}
                                                   - Q + \frac{1}{M}\mathrm{...
The control sequence at the end of the top line
of your error message was never \def'ed. If you have
misspelled it (e.g., `\hobx'), type `I' and the correct
spelling (e.g., `I\hbox'). Otherwise just continue,
and I'll forget about whatever was undefined.

! Undefined control sequence.
l.50 ...ac{1}{M}\mathrm{tr}\bigg(\hat{\Sigma}_{\bm
                                                  \mu}^{-1}(\sum_{m = 1}^{M}...
The control sequence at the end of the top line
of your error message was never \def'ed. If you have
misspelled it (e.g., `\hobx'), type `I' and the correct
spelling (e.g., `I\hbox'). Otherwise just continue,
and I'll forget about whatever was undefined.

! Undefined control sequence.
l.50 ...{\Sigma}_{\bm\mu}^{-1}(\sum_{m = 1}^{M}\bm
                                                   z_m\bm z_m^T - M\hat{\bm ...
The control sequence at the end of the top line
of your error message was never \def'ed. If you have
misspelled it (e.g., `\hobx'), type `I' and the correct
spelling (e.g., `I\hbox'). Otherwise just continue,
and I'll forget about whatever was undefined.

! Undefined control sequence.
l.50 ...}_{\bm\mu}^{-1}(\sum_{m = 1}^{M}\bm z_m\bm
                                                   z_m^T - M\hat{\bm \mu}_{\...
The control sequence at the end of the top line
of your error message was never \def'ed. If you have
misspelled it (e.g., `\hobx'), type `I' and the correct
spelling (e.g., `I\hbox'). Otherwise just continue,
and I'll forget about whatever was undefined.

! Undefined control sequence.
l.50 ...um_{m = 1}^{M}\bm z_m\bm z_m^T - M\hat{\bm
                                                   \mu}_{\bm\mu}\hat{\bm \mu...
The control sequence at the end of the top line
of your error message was never \def'ed. If you have
misspelled it (e.g., `\hobx'), type `I' and the correct
spelling (e.g., `I\hbox'). Otherwise just continue,
and I'll forget about whatever was undefined.

! Undefined control sequence.
l.50 ...^{M}\bm z_m\bm z_m^T - M\hat{\bm \mu}_{\bm
                                                  \mu}\hat{\bm \mu}_Z^T - M\...
The control sequence at the end of the top line
of your error message was never \def'ed. If you have
misspelled it (e.g., `\hobx'), type `I' and the correct
spelling (e.g., `I\hbox'). Otherwise just continue,
and I'll forget about whatever was undefined.

! Undefined control sequence.
l.50 ...bm z_m^T - M\hat{\bm \mu}_{\bm\mu}\hat{\bm
                                                   \mu}_Z^T - M\hat{\bm \mu}...
The control sequence at the end of the top line
of your error message was never \def'ed. If you have
misspelled it (e.g., `\hobx'), type `I' and the correct
spelling (e.g., `I\hbox'). Otherwise just continue,
and I'll forget about whatever was undefined.

! Undefined control sequence.
l.50 ...\mu}_{\bm\mu}\hat{\bm \mu}_Z^T - M\hat{\bm
                                                   \mu}_Z\hat{\bm \mu}_{\bm\...
The control sequence at the end of the top line
of your error message was never \def'ed. If you have
misspelled it (e.g., `\hobx'), type `I' and the correct
spelling (e.g., `I\hbox'). Otherwise just continue,
and I'll forget about whatever was undefined.

! Undefined control sequence.
l.50 ...at{\bm \mu}_Z^T - M\hat{\bm \mu}_Z\hat{\bm
                                                   \mu}_{\bm\mu}^T + M\hat{\...
The control sequence at the end of the top line
of your error message was never \def'ed. If you have
misspelled it (e.g., `\hobx'), type `I' and the correct
spelling (e.g., `I\hbox'). Otherwise just continue,
and I'll forget about whatever was undefined.

! Undefined control sequence.
l.50 ...}_Z^T - M\hat{\bm \mu}_Z\hat{\bm \mu}_{\bm
                                                  \mu}^T + M\hat{\bm \mu}_X\...
The control sequence at the end of the top line
of your error message was never \def'ed. If you have
misspelled it (e.g., `\hobx'), type `I' and the correct
spelling (e.g., `I\hbox'). Otherwise just continue,
and I'll forget about whatever was undefined.

! Undefined control sequence.
l.50 ...\mu}_Z\hat{\bm \mu}_{\bm\mu}^T + M\hat{\bm
                                                   \mu}_X\hat{\bm \mu}_{\bm\...
The control sequence at the end of the top line
of your error message was never \def'ed. If you have
misspelled it (e.g., `\hobx'), type `I' and the correct
spelling (e.g., `I\hbox'). Otherwise just continue,
and I'll forget about whatever was undefined.

! Undefined control sequence.
l.50 ...\mu}_{\bm\mu}^T + M\hat{\bm \mu}_X\hat{\bm
                                                   \mu}_{\bm\mu}^T)\bigg)\ri...
The control sequence at the end of the top line
of your error message was never \def'ed. If you have
misspelled it (e.g., `\hobx'), type `I' and the correct
spelling (e.g., `I\hbox'). Otherwise just continue,
and I'll forget about whatever was undefined.

! Undefined control sequence.
l.50 ...mu}^T + M\hat{\bm \mu}_X\hat{\bm \mu}_{\bm
                                                  \mu}^T)\bigg)\right]\nonum...
The control sequence at the end of the top line
of your error message was never \def'ed. If you have
misspelled it (e.g., `\hobx'), type `I' and the correct
spelling (e.g., `I\hbox'). Otherwise just continue,
and I'll forget about whatever was undefined.

! Undefined control sequence.
<argument> |\hat {\Sigma }_{\bm 
                                \mu }|
l.51 ...|\hat{\Sigma}_{\bm\mu}|}{|\hat{\Sigma}_Z|}
                                                   - Q + \frac{1}{M}\mathrm{...
The control sequence at the end of the top line
of your error message was never \def'ed. If you have
misspelled it (e.g., `\hobx'), type `I' and the correct
spelling (e.g., `I\hbox'). Otherwise just continue,
and I'll forget about whatever was undefined.

! Undefined control sequence.
l.51 ...ac{1}{M}\mathrm{tr}\bigg(\hat{\Sigma}_{\bm
                                                  \mu}^{-1}(\sum_{m = 1}^{M}...
The control sequence at the end of the top line
of your error message was never \def'ed. If you have
misspelled it (e.g., `\hobx'), type `I' and the correct
spelling (e.g., `I\hbox'). Otherwise just continue,
and I'll forget about whatever was undefined.

! Undefined control sequence.
l.51 ...{\Sigma}_{\bm\mu}^{-1}(\sum_{m = 1}^{M}\bm
                                                   z_m\bm z_m^T - \hat{\bm \...
The control sequence at the end of the top line
of your error message was never \def'ed. If you have
misspelled it (e.g., `\hobx'), type `I' and the correct
spelling (e.g., `I\hbox'). Otherwise just continue,
and I'll forget about whatever was undefined.

! Undefined control sequence.
l.51 ...}_{\bm\mu}^{-1}(\sum_{m = 1}^{M}\bm z_m\bm
                                                   z_m^T - \hat{\bm \mu}_{\b...
The control sequence at the end of the top line
of your error message was never \def'ed. If you have
misspelled it (e.g., `\hobx'), type `I' and the correct
spelling (e.g., `I\hbox'). Otherwise just continue,
and I'll forget about whatever was undefined.

! Undefined control sequence.
l.51 ...sum_{m = 1}^{M}\bm z_m\bm z_m^T - \hat{\bm
                                                   \mu}_{\bm\mu}(\sum_{m = 1...
The control sequence at the end of the top line
of your error message was never \def'ed. If you have
misspelled it (e.g., `\hobx'), type `I' and the correct
spelling (e.g., `I\hbox'). Otherwise just continue,
and I'll forget about whatever was undefined.

! Undefined control sequence.
l.51 ...}^{M}\bm z_m\bm z_m^T - \hat{\bm \mu}_{\bm
                                                  \mu}(\sum_{m = 1}^{M}\bm z...
The control sequence at the end of the top line
of your error message was never \def'ed. If you have
misspelled it (e.g., `\hobx'), type `I' and the correct
spelling (e.g., `I\hbox'). Otherwise just continue,
and I'll forget about whatever was undefined.

! Undefined control sequence.
l.51 ...\hat{\bm \mu}_{\bm\mu}(\sum_{m = 1}^{M}\bm
                                                   z_m)^T - (\sum_{m = 1}^{M...
The control sequence at the end of the top line
of your error message was never \def'ed. If you have
misspelled it (e.g., `\hobx'), type `I' and the correct
spelling (e.g., `I\hbox'). Otherwise just continue,
and I'll forget about whatever was undefined.

! Undefined control sequence.
l.51 ... = 1}^{M}\bm z_m)^T - (\sum_{m = 1}^{M}\bm
                                                   z_m)\hat{\bm \mu}_{\bm\mu...
The control sequence at the end of the top line
of your error message was never \def'ed. If you have
misspelled it (e.g., `\hobx'), type `I' and the correct
spelling (e.g., `I\hbox'). Otherwise just continue,
and I'll forget about whatever was undefined.

! Undefined control sequence.
l.51 ...z_m)^T - (\sum_{m = 1}^{M}\bm z_m)\hat{\bm
                                                   \mu}_{\bm\mu}^T + M\hat{\...
The control sequence at the end of the top line
of your error message was never \def'ed. If you have
misspelled it (e.g., `\hobx'), type `I' and the correct
spelling (e.g., `I\hbox'). Otherwise just continue,
and I'll forget about whatever was undefined.

! Undefined control sequence.
l.51 ...\sum_{m = 1}^{M}\bm z_m)\hat{\bm \mu}_{\bm
                                                  \mu}^T + M\hat{\bm \mu}_{\...
The control sequence at the end of the top line
of your error message was never \def'ed. If you have
misspelled it (e.g., `\hobx'), type `I' and the correct
spelling (e.g., `I\hbox'). Otherwise just continue,
and I'll forget about whatever was undefined.

! Undefined control sequence.
l.51 ...m z_m)\hat{\bm \mu}_{\bm\mu}^T + M\hat{\bm
                                                   \mu}_{\bm\mu}\hat{\bm \mu...
The control sequence at the end of the top line
of your error message was never \def'ed. If you have
misspelled it (e.g., `\hobx'), type `I' and the correct
spelling (e.g., `I\hbox'). Otherwise just continue,
and I'll forget about whatever was undefined.

! Undefined control sequence.
l.51 ...{\bm \mu}_{\bm\mu}^T + M\hat{\bm \mu}_{\bm
                                                  \mu}\hat{\bm \mu}_{\bm\mu}...
The control sequence at the end of the top line
of your error message was never \def'ed. If you have
misspelled it (e.g., `\hobx'), type `I' and the correct
spelling (e.g., `I\hbox'). Otherwise just continue,
and I'll forget about whatever was undefined.

! Undefined control sequence.
l.51 ...bm\mu}^T + M\hat{\bm \mu}_{\bm\mu}\hat{\bm
                                                   \mu}_{\bm\mu}^T)\bigg)\Bi...
The control sequence at the end of the top line
of your error message was never \def'ed. If you have
misspelled it (e.g., `\hobx'), type `I' and the correct
spelling (e.g., `I\hbox'). Otherwise just continue,
and I'll forget about whatever was undefined.

! Undefined control sequence.
l.51 ... M\hat{\bm \mu}_{\bm\mu}\hat{\bm \mu}_{\bm
                                                  \mu}^T)\bigg)\Bigg]\nonumb...
The control sequence at the end of the top line
of your error message was never \def'ed. If you have
misspelled it (e.g., `\hobx'), type `I' and the correct
spelling (e.g., `I\hbox'). Otherwise just continue,
and I'll forget about whatever was undefined.

! Undefined control sequence.
<argument> |\hat {\Sigma }_{\bm 
                                \mu }|
l.52 ...|\hat{\Sigma}_{\bm\mu}|}{|\hat{\Sigma}_Z|}
                                                   - Q + \frac{1}{M}\mathrm{...
The control sequence at the end of the top line
of your error message was never \def'ed. If you have
misspelled it (e.g., `\hobx'), type `I' and the correct
spelling (e.g., `I\hbox'). Otherwise just continue,
and I'll forget about whatever was undefined.

! Undefined control sequence.
l.52 ...ac{1}{M}\mathrm{tr}\bigg(\hat{\Sigma}_{\bm
                                                  \mu}^{-1}(\sum_{m = 1}^{M}...
The control sequence at the end of the top line
of your error message was never \def'ed. If you have
misspelled it (e.g., `\hobx'), type `I' and the correct
spelling (e.g., `I\hbox'). Otherwise just continue,
and I'll forget about whatever was undefined.

! Undefined control sequence.
l.52 ...{\Sigma}_{\bm\mu}^{-1}(\sum_{m = 1}^{M}\bm
                                                   z_m\bm z_m^T - \hat{\bm \...
The control sequence at the end of the top line
of your error message was never \def'ed. If you have
misspelled it (e.g., `\hobx'), type `I' and the correct
spelling (e.g., `I\hbox'). Otherwise just continue,
and I'll forget about whatever was undefined.

! Undefined control sequence.
l.52 ...}_{\bm\mu}^{-1}(\sum_{m = 1}^{M}\bm z_m\bm
                                                   z_m^T - \hat{\bm \mu}_{\b...
The control sequence at the end of the top line
of your error message was never \def'ed. If you have
misspelled it (e.g., `\hobx'), type `I' and the correct
spelling (e.g., `I\hbox'). Otherwise just continue,
and I'll forget about whatever was undefined.

! Undefined control sequence.
l.52 ...sum_{m = 1}^{M}\bm z_m\bm z_m^T - \hat{\bm
                                                   \mu}_{\bm\mu}(\sum_{m = 1...
The control sequence at the end of the top line
of your error message was never \def'ed. If you have
misspelled it (e.g., `\hobx'), type `I' and the correct
spelling (e.g., `I\hbox'). Otherwise just continue,
and I'll forget about whatever was undefined.

! Undefined control sequence.
l.52 ...}^{M}\bm z_m\bm z_m^T - \hat{\bm \mu}_{\bm
                                                  \mu}(\sum_{m = 1}^{M}\bm u...
The control sequence at the end of the top line
of your error message was never \def'ed. If you have
misspelled it (e.g., `\hobx'), type `I' and the correct
spelling (e.g., `I\hbox'). Otherwise just continue,
and I'll forget about whatever was undefined.

! Undefined control sequence.
l.52 ...\hat{\bm \mu}_{\bm\mu}(\sum_{m = 1}^{M}\bm
                                                   u_m)^T - (\sum_{m = 1}^{M...
The control sequence at the end of the top line
of your error message was never \def'ed. If you have
misspelled it (e.g., `\hobx'), type `I' and the correct
spelling (e.g., `I\hbox'). Otherwise just continue,
and I'll forget about whatever was undefined.

! Undefined control sequence.
l.52 ... = 1}^{M}\bm u_m)^T - (\sum_{m = 1}^{M}\bm
                                                   z_m)\hat{\bm \mu}_{\bm\mu...
The control sequence at the end of the top line
of your error message was never \def'ed. If you have
misspelled it (e.g., `\hobx'), type `I' and the correct
spelling (e.g., `I\hbox'). Otherwise just continue,
and I'll forget about whatever was undefined.

! Undefined control sequence.
l.52 ...u_m)^T - (\sum_{m = 1}^{M}\bm z_m)\hat{\bm
                                                   \mu}_{\bm\mu}^T + M\hat{\...
The control sequence at the end of the top line
of your error message was never \def'ed. If you have
misspelled it (e.g., `\hobx'), type `I' and the correct
spelling (e.g., `I\hbox'). Otherwise just continue,
and I'll forget about whatever was undefined.

! Undefined control sequence.
l.52 ...\sum_{m = 1}^{M}\bm z_m)\hat{\bm \mu}_{\bm
                                                  \mu}^T + M\hat{\bm \mu}_{\...
The control sequence at the end of the top line
of your error message was never \def'ed. If you have
misspelled it (e.g., `\hobx'), type `I' and the correct
spelling (e.g., `I\hbox'). Otherwise just continue,
and I'll forget about whatever was undefined.

! Undefined control sequence.
l.52 ...m z_m)\hat{\bm \mu}_{\bm\mu}^T + M\hat{\bm
                                                   \mu}_{\bm\mu}\hat{\bm \mu...
The control sequence at the end of the top line
of your error message was never \def'ed. If you have
misspelled it (e.g., `\hobx'), type `I' and the correct
spelling (e.g., `I\hbox'). Otherwise just continue,
and I'll forget about whatever was undefined.

! Undefined control sequence.
l.52 ...{\bm \mu}_{\bm\mu}^T + M\hat{\bm \mu}_{\bm
                                                  \mu}\hat{\bm \mu}_{\bm\mu}...
The control sequence at the end of the top line
of your error message was never \def'ed. If you have
misspelled it (e.g., `\hobx'), type `I' and the correct
spelling (e.g., `I\hbox'). Otherwise just continue,
and I'll forget about whatever was undefined.

! Undefined control sequence.
l.52 ...bm\mu}^T + M\hat{\bm \mu}_{\bm\mu}\hat{\bm
                                                   \mu}_{\bm\mu}^T)\bigg)\Bi...
The control sequence at the end of the top line
of your error message was never \def'ed. If you have
misspelled it (e.g., `\hobx'), type `I' and the correct
spelling (e.g., `I\hbox'). Otherwise just continue,
and I'll forget about whatever was undefined.

! Undefined control sequence.
l.52 ... M\hat{\bm \mu}_{\bm\mu}\hat{\bm \mu}_{\bm
                                                  \mu}^T)\bigg)\Bigg]\nonumb...
The control sequence at the end of the top line
of your error message was never \def'ed. If you have
misspelled it (e.g., `\hobx'), type `I' and the correct
spelling (e.g., `I\hbox'). Otherwise just continue,
and I'll forget about whatever was undefined.

! Undefined control sequence.
<argument> |\hat {\Sigma }_{\bm 
                                \mu }|
l.53 ...|\hat{\Sigma}_{\bm\mu}|}{|\hat{\Sigma}_Z|}
                                                   - Q + \frac{1}{M}\mathrm{...
The control sequence at the end of the top line
of your error message was never \def'ed. If you have
misspelled it (e.g., `\hobx'), type `I' and the correct
spelling (e.g., `I\hbox'). Otherwise just continue,
and I'll forget about whatever was undefined.

! Undefined control sequence.
l.53 ...ac{1}{M}\mathrm{tr}\bigg(\hat{\Sigma}_{\bm
                                                  \mu}^{-1}(\sum_{m = 1}^{M}...
The control sequence at the end of the top line
of your error message was never \def'ed. If you have
misspelled it (e.g., `\hobx'), type `I' and the correct
spelling (e.g., `I\hbox'). Otherwise just continue,
and I'll forget about whatever was undefined.

! Undefined control sequence.
l.53 ...\Sigma}_{\bm\mu}^{-1}(\sum_{m = 1}^{M}(\bm
                                                   z_m - \hat{\bm \mu}_{\bm\...
The control sequence at the end of the top line
of your error message was never \def'ed. If you have
misspelled it (e.g., `\hobx'), type `I' and the correct
spelling (e.g., `I\hbox'). Otherwise just continue,
and I'll forget about whatever was undefined.

! Undefined control sequence.
l.53 ...}^{-1}(\sum_{m = 1}^{M}(\bm z_m - \hat{\bm
                                                   \mu}_{\bm\mu})(\bm z_m - ...
The control sequence at the end of the top line
of your error message was never \def'ed. If you have
misspelled it (e.g., `\hobx'), type `I' and the correct
spelling (e.g., `I\hbox'). Otherwise just continue,
and I'll forget about whatever was undefined.

! Undefined control sequence.
l.53 ...m_{m = 1}^{M}(\bm z_m - \hat{\bm \mu}_{\bm
                                                  \mu})(\bm z_m - \hat{\bm \...
(That makes 100 errors; please try again.) 
Here is how much of TeX's memory you used:
 12 strings out of 492982
 194 string characters out of 6134896
 70141 words of memory out of 5000000
 3678 multiletter control sequences out of 15000+600000
 3640 words of font info for 14 fonts, out of 8000000 for 9000
 1141 hyphenation exceptions out of 8191
 18i,11n,12p,372b,68s stack positions out of 5000i,500n,10000p,200000b,80000s

!  ==> Fatal error occurred, no output PDF file produced!
